#
# There is insufficient memory for the Java Runtime Environment to continue.
# Native memory allocation (malloc) failed to allocate 1048576 bytes for AllocateHeap
# Possible reasons:
#   The system is out of physical RAM or swap space
#   The process is running with CompressedOops enabled, and the Java Heap may be blocking the growth of the native heap
# Possible solutions:
#   Reduce memory load on the system
#   Increase physical memory or swap space
#   Check if swap backing store is full
#   Decrease Java heap size (-Xmx/-Xms)
#   Decrease number of Java threads
#   Decrease Java thread stack sizes (-Xss)
#   Set larger code cache with -XX:ReservedCodeCacheSize=
#   JVM is running with Unscaled Compressed Oops mode in which the Java heap is
#     placed in the first 4GB address space. The Java Heap base address is the
#     maximum limit for the native heap growth. Please use -XX:HeapBaseMinAddress
#     to set the Java Heap base and to place the Java Heap above 4GB virtual address.
# This output file may be truncated or incomplete.
#
#  Out of Memory Error (allocation.cpp:44), pid=12300, tid=15256
#
# JRE version:  (17.0.10+8) (build )
# Java VM: OpenJDK 64-Bit Server VM (17.0.10+8-b1207.12, mixed mode, sharing, tiered, compressed oops, compressed class ptrs, g1 gc, windows-amd64)
# No core dump will be written. Minidumps are not enabled by default on client versions of Windows
#

---------------  S U M M A R Y ------------

Command Line: git4idea.http.GitAskPassApp Username for 'https://github.com': 

Host: 11th Gen Intel(R) Core(TM) i5-1135G7 @ 2.40GHz, 8 cores, 3G,  Windows 11 , 64 bit Build 22621 (10.0.22621.3527)
Time: Fri May  3 23:01:35 2024 GMT Summer Time elapsed time: 0.030525 seconds (0d 0h 0m 0s)

---------------  T H R E A D  ---------------

Current thread (0x0000020ba271e000):  JavaThread "Unknown thread" [_thread_in_vm, id=15256, stack(0x000000b83ca00000,0x000000b83cb00000)]

Stack: [0x000000b83ca00000,0x000000b83cb00000]
Native frames: (J=compiled Java code, j=interpreted, Vv=VM code, C=native code)
V  [jvm.dll+0x687989]
V  [jvm.dll+0x84116a]
V  [jvm.dll+0x842dae]
V  [jvm.dll+0x843413]
V  [jvm.dll+0x249ccf]
V  [jvm.dll+0xa6ca3]
V  [jvm.dll+0x2dc3b4]
V  [jvm.dll+0x811bfc]
V  [jvm.dll+0x36fc11]
V  [jvm.dll+0x7f0666]
V  [jvm.dll+0x3f3daf]
V  [jvm.dll+0x3f5a41]
C  [jli.dll+0x528f]
C  [ucrtbase.dll+0x29333]
C  [KERNEL32.DLL+0x1257d]
C  [ntdll.dll+0x5aa48]


---------------  P R O C E S S  ---------------

Threads class SMR info:
_java_thread_list=0x00007fff5f35df58, length=0, elements={
}

Java Threads: ( => current thread )

Other Threads:

=>0x0000020ba271e000 (exited) JavaThread "Unknown thread" [_thread_in_vm, id=15256, stack(0x000000b83ca00000,0x000000b83cb00000)]

Threads with active compile tasks:

VM state: not at safepoint (not fully initialized)

VM Mutex/Monitor currently owned by a thread: None

Heap address: 0x0000000000000000, size: 0 MB, Compressed Oops mode: 32-bit

CDS archive(s) mapped at: [0x0000000000000000-0x0000000000000000-0x0000000000000000), size 0, SharedBaseAddress: 0x0000000800000000, ArchiveRelocationMode: 1.
Narrow klass base: 0x0000000000000000, Narrow klass shift: 0, Narrow klass range: 0x0

GC Precious Log:
<Empty>

GC Heap History (0 events):
No events

Dll operation events (1 events):
Event: 0.018 Loaded shared library C:\Program Files\JetBrains\IntelliJ IDEA 2024.1\jbr\bin\java.dll

Deoptimization events (0 events):
No events

Classes unloaded (0 events):
No events

Classes redefined (0 events):
No events

Internal exceptions (0 events):
No events

VM Operations (0 events):
No events

Events (0 events):
No events


Dynamic libraries:
0x00007ff6876b0000 - 0x00007ff6876ba000 	C:\Program Files\JetBrains\IntelliJ IDEA 2024.1\jbr\bin\java.exe
0x00007fffbcf70000 - 0x00007fffbd187000 	C:\WINDOWS\SYSTEM32\ntdll.dll
0x00007fffbb960000 - 0x00007fffbba24000 	C:\WINDOWS\System32\KERNEL32.DLL
0x00007fffba630000 - 0x00007fffba9d7000 	C:\WINDOWS\System32\KERNELBASE.dll
0x00007fffba4a0000 - 0x00007fffba5b1000 	C:\WINDOWS\System32\ucrtbase.dll
0x00007fff93340000 - 0x00007fff93357000 	C:\Program Files\JetBrains\IntelliJ IDEA 2024.1\jbr\bin\jli.dll
0x00007fffa2bd0000 - 0x00007fffa2beb000 	C:\Program Files\JetBrains\IntelliJ IDEA 2024.1\jbr\bin\VCRUNTIME140.dll
0x00007fffbcd80000 - 0x00007fffbcf2e000 	C:\WINDOWS\System32\USER32.dll
0x00007fffa2c60000 - 0x00007fffa2ef3000 	C:\WINDOWS\WinSxS\amd64_microsoft.windows.common-controls_6595b64144ccf1df_6.0.22621.3527_none_270e469b73872a76\COMCTL32.dll
0x00007fffba470000 - 0x00007fffba496000 	C:\WINDOWS\System32\win32u.dll
0x00007fffbc400000 - 0x00007fffbc4a7000 	C:\WINDOWS\System32\msvcrt.dll
0x00007fffbb530000 - 0x00007fffbb559000 	C:\WINDOWS\System32\GDI32.dll
0x00007fffba350000 - 0x00007fffba469000 	C:\WINDOWS\System32\gdi32full.dll
0x00007fffbac00000 - 0x00007fffbac9a000 	C:\WINDOWS\System32\msvcp_win.dll
0x00007fffbb560000 - 0x00007fffbb591000 	C:\WINDOWS\System32\IMM32.DLL
0x00007fffb5bf0000 - 0x00007fffb5bfc000 	C:\Program Files\JetBrains\IntelliJ IDEA 2024.1\jbr\bin\vcruntime140_1.dll
0x00007fff6e180000 - 0x00007fff6e20d000 	C:\Program Files\JetBrains\IntelliJ IDEA 2024.1\jbr\bin\msvcp140.dll
0x00007fff5e820000 - 0x00007fff5f4a2000 	C:\Program Files\JetBrains\IntelliJ IDEA 2024.1\jbr\bin\server\jvm.dll
0x00007fffbaff0000 - 0x00007fffbb0a2000 	C:\WINDOWS\System32\ADVAPI32.dll
0x00007fffbb270000 - 0x00007fffbb318000 	C:\WINDOWS\System32\sechost.dll
0x00007fffbaa60000 - 0x00007fffbaa88000 	C:\WINDOWS\System32\bcrypt.dll
0x00007fffbad40000 - 0x00007fffbae55000 	C:\WINDOWS\System32\RPCRT4.dll
0x00007fffb90d0000 - 0x00007fffb911d000 	C:\WINDOWS\SYSTEM32\POWRPROF.dll
0x00007fffb1d80000 - 0x00007fffb1d89000 	C:\WINDOWS\SYSTEM32\WSOCK32.dll
0x00007fffafb60000 - 0x00007fffafb94000 	C:\WINDOWS\SYSTEM32\WINMM.dll
0x00007fffb7200000 - 0x00007fffb720a000 	C:\WINDOWS\SYSTEM32\VERSION.dll
0x00007fffbc1c0000 - 0x00007fffbc231000 	C:\WINDOWS\System32\WS2_32.dll
0x00007fffb90b0000 - 0x00007fffb90c3000 	C:\WINDOWS\SYSTEM32\UMPDC.dll
0x00007fffb9360000 - 0x00007fffb9378000 	C:\WINDOWS\SYSTEM32\kernel.appcore.dll
0x00007fffb19c0000 - 0x00007fffb19ca000 	C:\Program Files\JetBrains\IntelliJ IDEA 2024.1\jbr\bin\jimage.dll
0x00007fffb7aa0000 - 0x00007fffb7cd3000 	C:\WINDOWS\SYSTEM32\DBGHELP.DLL
0x00007fffbb5b0000 - 0x00007fffbb938000 	C:\WINDOWS\System32\combase.dll
0x00007fffbba50000 - 0x00007fffbbb27000 	C:\WINDOWS\System32\OLEAUT32.dll
0x00007fffae4e0000 - 0x00007fffae512000 	C:\WINDOWS\SYSTEM32\dbgcore.DLL
0x00007fffba9e0000 - 0x00007fffbaa59000 	C:\WINDOWS\System32\bcryptPrimitives.dll
0x00007fffa2ba0000 - 0x00007fffa2bc5000 	C:\Program Files\JetBrains\IntelliJ IDEA 2024.1\jbr\bin\java.dll

dbghelp: loaded successfully - version: 4.0.5 - missing functions: none
symbol engine: initialized successfully - sym options: 0x614 - pdb path: .;C:\Program Files\JetBrains\IntelliJ IDEA 2024.1\jbr\bin;C:\WINDOWS\SYSTEM32;C:\WINDOWS\WinSxS\amd64_microsoft.windows.common-controls_6595b64144ccf1df_6.0.22621.3527_none_270e469b73872a76;C:\Program Files\JetBrains\IntelliJ IDEA 2024.1\jbr\bin\server

VM Arguments:
java_command: git4idea.http.GitAskPassApp Username for 'https://github.com': 
java_class_path (initial): C:/Program Files/JetBrains/IntelliJ IDEA 2024.1/plugins/vcs-git/lib/git4idea-rt.jar;C:/Program Files/JetBrains/IntelliJ IDEA 2024.1/lib/externalProcess-rt.jar
Launcher Type: SUN_STANDARD

[Global flags]
     intx CICompilerCount                          = 4                                         {product} {ergonomic}
     uint ConcGCThreads                            = 2                                         {product} {ergonomic}
     uint G1ConcRefinementThreads                  = 8                                         {product} {ergonomic}
   size_t G1HeapRegionSize                         = 1048576                                   {product} {ergonomic}
    uintx GCDrainStackTargetSize                   = 64                                        {product} {ergonomic}
   size_t InitialHeapSize                          = 62914560                                  {product} {ergonomic}
   size_t MarkStackSize                            = 4194304                                   {product} {ergonomic}
   size_t MaxHeapSize                              = 1006632960                                {product} {ergonomic}
   size_t MinHeapDeltaBytes                        = 1048576                                   {product} {ergonomic}
   size_t MinHeapSize                              = 8388608                                   {product} {ergonomic}
    uintx NonNMethodCodeHeapSize                   = 5839372                                {pd product} {ergonomic}
    uintx NonProfiledCodeHeapSize                  = 122909434                              {pd product} {ergonomic}
    uintx ProfiledCodeHeapSize                     = 122909434                              {pd product} {ergonomic}
    uintx ReservedCodeCacheSize                    = 251658240                              {pd product} {ergonomic}
     bool SegmentedCodeCache                       = true                                      {product} {ergonomic}
   size_t SoftMaxHeapSize                          = 1006632960                             {manageable} {ergonomic}
     bool UseCompressedClassPointers               = true                           {product lp64_product} {ergonomic}
     bool UseCompressedOops                        = true                           {product lp64_product} {ergonomic}
     bool UseG1GC                                  = true                                      {product} {ergonomic}
     bool UseLargePagesIndividualAllocation        = false                                  {pd product} {ergonomic}

Logging:
Log output configuration:
 #0: stdout all=warning uptime,level,tags
 #1: stderr all=off uptime,level,tags

Environment Variables:
PATH=C:\Program Files\Git\mingw64\libexec\git-core;C:\Program Files\Git\mingw64\libexec\git-core;C:\Program Files\Git\mingw64\bin;C:\Program Files\Git\usr\bin;C:\Users\user\bin;C:\Program Files\Common Files\Oracle\Java\javapath;C:\Program Files (x86)\Common Files\Oracle\Java\javapath;C:\oraclexe\app\oracle\product\10.2.0\server\bin;C:\WINDOWS\system32;C:\WINDOWS;C:\WINDOWS\System32\Wbem;C:\WINDOWS\System32\WindowsPowerShell\v1.0;C:\WINDOWS\System32\OpenSSH;C:\Program Files\CodeBlocks\MinGW\bin;C:\Program Files\MATLAB\R2023a\runtime\win64;C:\Program Files\MATLAB\R2023a\bin;C:\Users\user\AppData\Local\Programs\Python\Python310;C:\wamp64\bin\php\php8.2.0;C:\Program Files\nodejs;C:\ProgramData\ComposerSetup\bin;C:\Program Files\Git\cmd;C:\Program Files\Git LFS;C:\Users\user\AppData\Local\Microsoft\WindowsApps;C:\Users\user\AppData\Local\Programs\Microsoft VS Code\bin;C:\Program Files\JetBrains\PyCharm Community Edition 2022.3.2\bin;C:\Program Files\Java\jdk-21\bin;C:\wamp64\bin\php\php8.2.0;C:\Users\user\AppData\Roaming\npm;C:\Users\user\AppData\Roaming\Composer\vendor\bin;C:\Users\user\AppData\Local\GitHubDesktop\bin;C:\Program Files\JetBrains\IntelliJ IDEA 2024.1\bin
USERNAME=user
DISPLAY=:0.0
LC_ALL=en_US.UTF-8
TERM=xterm-256color
TMPDIR=C:\Users\user\AppData\Local\Temp
OS=Windows_NT
PROCESSOR_IDENTIFIER=Intel64 Family 6 Model 140 Stepping 1, GenuineIntel
TMP=C:\Users\user\AppData\Local\Temp
TEMP=C:\Users\user\AppData\Local\Temp



Periodic native trim disabled

JNI global refs:
JNI global refs: 0, weak refs: 0

JNI global refs memory usage: 0, weak refs: 0

OOME stack traces (most recent first):
Classloader memory used:


---------------  S Y S T E M  ---------------

OS:
 Windows 11 , 64 bit Build 22621 (10.0.22621.3527)
OS uptime: 1 days 2:36 hours
Hyper-V role detected

CPU: total 8 (initial active 8) (4 cores per cpu, 2 threads per core) family 6 model 140 stepping 1 microcode 0xb4, cx8, cmov, fxsr, ht, mmx, 3dnowpref, sse, sse2, sse3, ssse3, sse4.1, sse4.2, popcnt, lzcnt, tsc, tscinvbit, avx, avx2, aes, erms, clmul, bmi1, bmi2, adx, avx512f, avx512dq, avx512cd, avx512bw, avx512vl, sha, fma, vzeroupper, avx512_vpopcntdq, avx512_vpclmulqdq, avx512_vaes, avx512_vnni, clflush, clflushopt, clwb, avx512_vbmi2, avx512_vbmi, hv
Processor Information for all 8 processors :
  Max Mhz: 2419, Current Mhz: 2419, Mhz Limit: 2419

Memory: 4k page, system-wide physical 3838M (235M free)
TotalPageFile size 15614M (AvailPageFile size 3M)
current process WorkingSet (physical memory assigned to process): 10M, peak: 10M
current process commit charge ("private bytes"): 11M, peak: 12M

vm_info: OpenJDK 64-Bit Server VM (17.0.10+8-b1207.12) for windows-amd64 JRE (17.0.10+8-b1207.12), built on 2024-03-15 by "builduser" with MS VC++ 16.10 / 16.11 (VS2019)

END.
